<?xml version="1.0" encoding="UTF-8"?>
<testng-results skipped="0" failed="0" ignored="0" total="1" passed="1">
  <reporter-output>
  </reporter-output>
  <suite name="Default suite" duration-ms="18887" started-at="2019-09-18T01:27:37Z" finished-at="2019-09-18T01:27:56Z">
    <groups>
    </groups>
    <test name="Default test" duration-ms="18887" started-at="2019-09-18T01:27:37Z" finished-at="2019-09-18T01:27:56Z">
      <class name="testcases.createRediffAccount">
        <test-method status="PASS" signature="initialize()[pri:0, instance:testcases.createRediffAccount@4b168fa9]" name="initialize" is-config="true" duration-ms="10931" started-at="2019-09-18T01:27:37Z" finished-at="2019-09-18T01:27:48Z">
          <reporter-output>
          </reporter-output>
        </test-method> <!-- initialize -->
        <test-method status="PASS" signature="createAccount()[pri:0, instance:testcases.createRediffAccount@4b168fa9]" name="createAccount" duration-ms="7763" started-at="2019-09-18T01:27:48Z" finished-at="2019-09-18T01:27:56Z">
          <reporter-output>
          </reporter-output>
        </test-method> <!-- createAccount -->
        <test-method status="PASS" signature="closeBrowser()[pri:0, instance:testcases.createRediffAccount@4b168fa9]" name="closeBrowser" is-config="true" duration-ms="163" started-at="2019-09-18T01:27:56Z" finished-at="2019-09-18T01:27:56Z">
          <reporter-output>
          </reporter-output>
        </test-method> <!-- closeBrowser -->
      </class> <!-- testcases.createRediffAccount -->
    </test> <!-- Default test -->
  </suite> <!-- Default suite -->
</testng-results>
